This file contains any messages produced by compilers while
running configure, to aid debugging if configure makes a mistake.

It was created by rolo configure 011, which was
generated by GNU Autoconf 2.65.  Invocation command line was

  $ ./configure 

## --------- ##
## Platform. ##
## --------- ##

hostname = dakini
uname -m = x86_64
uname -r = 3.2.0-4-amd64
uname -s = Linux
uname -v = #1 SMP Debian 3.2.35-2

/usr/bin/uname -p = unknown
/bin/uname -X     = unknown

/bin/arch              = unknown
/usr/bin/arch -k       = unknown
/usr/convex/getsysinfo = unknown
/usr/bin/hostinfo      = unknown
/bin/machine           = unknown
/usr/bin/oslevel       = unknown
/bin/universe          = unknown

PATH: /home/melkori/bin
PATH: /usr/local/bin
PATH: /usr/bin
PATH: /bin
PATH: /usr/local/games
PATH: /usr/games
PATH: /home/melkori/.opera-widgets/bin


## ----------- ##
## Core tests. ##
## ----------- ##

configure:2143: checking for a BSD-compatible install
configure:2211: result: /usr/bin/install -c
configure:2222: checking whether build environment is sane
configure:2259: result: yes
configure:2289: checking for gawk
configure:2305: found /usr/bin/gawk
configure:2316: result: gawk
configure:2327: checking whether make sets $(MAKE)
configure:2349: result: yes
configure:2579: checking for gcc
configure:2595: found /usr/bin/gcc
configure:2606: result: gcc
configure:2835: checking for C compiler version
configure:2844: gcc --version >&5
gcc (Debian 4.7.2-5) 4.7.2
Copyright (C) 2012 Free Software Foundation, Inc.
This is free software; see the source for copying conditions.  There is NO
warranty; not even for MERCHANTABILITY or FITNESS FOR A PARTICULAR PURPOSE.

configure:2855: $? = 0
configure:2844: gcc -v >&5
Using built-in specs.
COLLECT_GCC=gcc
COLLECT_LTO_WRAPPER=/usr/lib/gcc/x86_64-linux-gnu/4.7/lto-wrapper
Target: x86_64-linux-gnu
Configured with: ../src/configure -v --with-pkgversion='Debian 4.7.2-5' --with-bugurl=file:///usr/share/doc/gcc-4.7/README.Bugs --enable-languages=c,c++,go,fortran,objc,obj-c++ --prefix=/usr --program-suffix=-4.7 --enable-shared --enable-linker-build-id --with-system-zlib --libexecdir=/usr/lib --without-included-gettext --enable-threads=posix --with-gxx-include-dir=/usr/include/c++/4.7 --libdir=/usr/lib --enable-nls --with-sysroot=/ --enable-clocale=gnu --enable-libstdcxx-debug --enable-libstdcxx-time=yes --enable-gnu-unique-object --enable-plugin --enable-objc-gc --with-arch-32=i586 --with-tune=generic --enable-checking=release --build=x86_64-linux-gnu --host=x86_64-linux-gnu --target=x86_64-linux-gnu
Thread model: posix
gcc version 4.7.2 (Debian 4.7.2-5) 
configure:2855: $? = 0
configure:2844: gcc -V >&5
gcc: error: unrecognized command line option '-V'
gcc: fatal error: no input files
compilation terminated.
configure:2855: $? = 4
configure:2844: gcc -qversion >&5
gcc: error: unrecognized command line option '-qversion'
gcc: fatal error: no input files
compilation terminated.
configure:2855: $? = 4
configure:2875: checking whether the C compiler works
configure:2897: gcc    conftest.c  >&5
configure:2901: $? = 0
configure:2950: result: yes
configure:2953: checking for C compiler default output file name
configure:2955: result: a.out
configure:2961: checking for suffix of executables
configure:2968: gcc -o conftest    conftest.c  >&5
configure:2972: $? = 0
configure:2994: result: 
configure:3016: checking whether we are cross compiling
configure:3024: gcc -o conftest    conftest.c  >&5
configure:3028: $? = 0
configure:3035: ./conftest
configure:3039: $? = 0
configure:3054: result: no
configure:3059: checking for suffix of object files
configure:3081: gcc -c   conftest.c >&5
configure:3085: $? = 0
configure:3106: result: o
configure:3110: checking whether we are using the GNU C compiler
configure:3129: gcc -c   conftest.c >&5
configure:3129: $? = 0
configure:3138: result: yes
configure:3147: checking whether gcc accepts -g
configure:3167: gcc -c -g  conftest.c >&5
configure:3167: $? = 0
configure:3208: result: yes
configure:3225: checking for gcc option to accept ISO C89
configure:3289: gcc  -c -g -O2  conftest.c >&5
configure:3289: $? = 0
configure:3302: result: none needed
configure:3332: checking for style of include used by make
configure:3360: result: GNU
configure:3388: checking dependency style of gcc
configure:3456: result: gcc3
configure:3476: checking for vc_new in -lvc
configure:3501: gcc -o conftest -g -O2   conftest.c -lvc   >&5
configure:3501: $? = 0
configure:3510: result: yes
configure:3521: checking for newwin in -lncurses
configure:3546: gcc -o conftest -g -O2   conftest.c -lncurses  -lvc  >&5
configure:3546: $? = 0
configure:3555: result: yes
configure:3566: checking for new_menu in -lmenu
configure:3591: gcc -o conftest -g -O2   conftest.c -lmenu  -lncurses -lvc  >&5
configure:3591: $? = 0
configure:3600: result: yes
configure:3611: checking for new_form in -lform
configure:3636: gcc -o conftest -g -O2   conftest.c -lform  -lmenu -lncurses -lvc  >&5
configure:3636: $? = 0
configure:3645: result: yes
configure:3663: checking how to run the C preprocessor
configure:3694: gcc -E  conftest.c
configure:3694: $? = 0
configure:3708: gcc -E  conftest.c
conftest.c:15:28: fatal error: ac_nonexistent.h: No such file or directory
compilation terminated.
configure:3708: $? = 1
configure: failed program was:
| /* confdefs.h */
| #define PACKAGE_NAME "rolo"
| #define PACKAGE_TARNAME "rolo"
| #define PACKAGE_VERSION "011"
| #define PACKAGE_STRING "rolo 011"
| #define PACKAGE_BUGREPORT "ahsu@users.sf.net"
| #define PACKAGE_URL ""
| #define PACKAGE "rolo"
| #define VERSION "011"
| #define HAVE_LIBVC 1
| #define HAVE_LIBNCURSES 1
| #define HAVE_LIBMENU 1
| #define HAVE_LIBFORM 1
| /* end confdefs.h.  */
| #include <ac_nonexistent.h>
configure:3733: result: gcc -E
configure:3753: gcc -E  conftest.c
configure:3753: $? = 0
configure:3767: gcc -E  conftest.c
conftest.c:15:28: fatal error: ac_nonexistent.h: No such file or directory
compilation terminated.
configure:3767: $? = 1
configure: failed program was:
| /* confdefs.h */
| #define PACKAGE_NAME "rolo"
| #define PACKAGE_TARNAME "rolo"
| #define PACKAGE_VERSION "011"
| #define PACKAGE_STRING "rolo 011"
| #define PACKAGE_BUGREPORT "ahsu@users.sf.net"
| #define PACKAGE_URL ""
| #define PACKAGE "rolo"
| #define VERSION "011"
| #define HAVE_LIBVC 1
| #define HAVE_LIBNCURSES 1
| #define HAVE_LIBMENU 1
| #define HAVE_LIBFORM 1
| /* end confdefs.h.  */
| #include <ac_nonexistent.h>
configure:3796: checking for grep that handles long lines and -e
configure:3854: result: /bin/grep
configure:3859: checking for egrep
configure:3921: result: /bin/grep -E
configure:3926: checking for ANSI C header files
configure:3946: gcc -c -g -O2  conftest.c >&5
configure:3946: $? = 0
configure:4019: gcc -o conftest -g -O2   conftest.c -lform -lmenu -lncurses -lvc  >&5
configure:4019: $? = 0
configure:4019: ./conftest
configure:4019: $? = 0
configure:4030: result: yes
configure:4040: checking for an ANSI C-conforming const
configure:4105: gcc -c -g -O2  conftest.c >&5
configure:4105: $? = 0
configure:4112: result: yes
configure:4127: checking for sys/types.h
configure:4127: gcc -c -g -O2  conftest.c >&5
configure:4127: $? = 0
configure:4127: result: yes
configure:4127: checking for sys/stat.h
configure:4127: gcc -c -g -O2  conftest.c >&5
configure:4127: $? = 0
configure:4127: result: yes
configure:4127: checking for stdlib.h
configure:4127: gcc -c -g -O2  conftest.c >&5
configure:4127: $? = 0
configure:4127: result: yes
configure:4127: checking for string.h
configure:4127: gcc -c -g -O2  conftest.c >&5
configure:4127: $? = 0
configure:4127: result: yes
configure:4127: checking for memory.h
configure:4127: gcc -c -g -O2  conftest.c >&5
configure:4127: $? = 0
configure:4127: result: yes
configure:4127: checking for strings.h
configure:4127: gcc -c -g -O2  conftest.c >&5
configure:4127: $? = 0
configure:4127: result: yes
configure:4127: checking for inttypes.h
configure:4127: gcc -c -g -O2  conftest.c >&5
configure:4127: $? = 0
configure:4127: result: yes
configure:4127: checking for stdint.h
configure:4127: gcc -c -g -O2  conftest.c >&5
configure:4127: $? = 0
configure:4127: result: yes
configure:4127: checking for unistd.h
configure:4127: gcc -c -g -O2  conftest.c >&5
configure:4127: $? = 0
configure:4127: result: yes
configure:4142: checking for stdlib.h
configure:4142: result: yes
configure:4152: checking for GNU libc compatible malloc
configure:4176: gcc -o conftest -g -O2   conftest.c -lform -lmenu -lncurses -lvc  >&5
configure:4176: $? = 0
configure:4176: ./conftest
configure:4176: $? = 0
configure:4186: result: yes
configure:4207: checking return type of signal handlers
configure:4225: gcc -c -g -O2  conftest.c >&5
conftest.c: In function 'main':
conftest.c:33:1: error: void value not ignored as it ought to be
configure:4225: $? = 1
configure: failed program was:
| /* confdefs.h */
| #define PACKAGE_NAME "rolo"
| #define PACKAGE_TARNAME "rolo"
| #define PACKAGE_VERSION "011"
| #define PACKAGE_STRING "rolo 011"
| #define PACKAGE_BUGREPORT "ahsu@users.sf.net"
| #define PACKAGE_URL ""
| #define PACKAGE "rolo"
| #define VERSION "011"
| #define HAVE_LIBVC 1
| #define HAVE_LIBNCURSES 1
| #define HAVE_LIBMENU 1
| #define HAVE_LIBFORM 1
| #define STDC_HEADERS 1
| #define HAVE_SYS_TYPES_H 1
| #define HAVE_SYS_STAT_H 1
| #define HAVE_STDLIB_H 1
| #define HAVE_STRING_H 1
| #define HAVE_MEMORY_H 1
| #define HAVE_STRINGS_H 1
| #define HAVE_INTTYPES_H 1
| #define HAVE_STDINT_H 1
| #define HAVE_UNISTD_H 1
| #define HAVE_STDLIB_H 1
| #define HAVE_MALLOC 1
| /* end confdefs.h.  */
| #include <sys/types.h>
| #include <signal.h>
| 
| int
| main ()
| {
| return *(signal (0, 0)) (0) == 1;
|   ;
|   return 0;
| }
configure:4232: result: void
configure:4243: checking for strdup
configure:4243: gcc -o conftest -g -O2   conftest.c -lform -lmenu -lncurses -lvc  >&5
conftest.c:51:6: warning: conflicting types for built-in function 'strdup' [enabled by default]
configure:4243: $? = 0
configure:4243: result: yes
configure:4243: checking for strstr
configure:4243: gcc -o conftest -g -O2   conftest.c -lform -lmenu -lncurses -lvc  >&5
conftest.c:52:6: warning: conflicting types for built-in function 'strstr' [enabled by default]
configure:4243: $? = 0
configure:4243: result: yes
configure:4366: creating ./config.status

## ---------------------- ##
## Running config.status. ##
## ---------------------- ##

This file was extended by rolo config.status 011, which was
generated by GNU Autoconf 2.65.  Invocation command line was

  CONFIG_FILES    = 
  CONFIG_HEADERS  = 
  CONFIG_LINKS    = 
  CONFIG_COMMANDS = 
  $ ./config.status 

on dakini

config.status:853: creating Makefile
config.status:956: WARNING:  'Makefile.in' seems to ignore the --datarootdir setting
config.status:853: creating src/Makefile
config.status:956: WARNING:  'src/Makefile.in' seems to ignore the --datarootdir setting
config.status:853: creating doc/Makefile
config.status:956: WARNING:  'doc/Makefile.in' seems to ignore the --datarootdir setting
config.status:853: creating config.h
config.status:1019: config.h is unchanged
config.status:1066: executing depfiles commands

## ---------------- ##
## Cache variables. ##
## ---------------- ##

ac_cv_c_compiler_gnu=yes
ac_cv_c_const=yes
ac_cv_env_CC_set=
ac_cv_env_CC_value=
ac_cv_env_CFLAGS_set=
ac_cv_env_CFLAGS_value=
ac_cv_env_CPPFLAGS_set=
ac_cv_env_CPPFLAGS_value=
ac_cv_env_CPP_set=
ac_cv_env_CPP_value=
ac_cv_env_LDFLAGS_set=
ac_cv_env_LDFLAGS_value=
ac_cv_env_LIBS_set=
ac_cv_env_LIBS_value=
ac_cv_env_build_alias_set=
ac_cv_env_build_alias_value=
ac_cv_env_host_alias_set=
ac_cv_env_host_alias_value=
ac_cv_env_target_alias_set=
ac_cv_env_target_alias_value=
ac_cv_func_malloc_0_nonnull=yes
ac_cv_func_strdup=yes
ac_cv_func_strstr=yes
ac_cv_header_inttypes_h=yes
ac_cv_header_memory_h=yes
ac_cv_header_stdc=yes
ac_cv_header_stdint_h=yes
ac_cv_header_stdlib_h=yes
ac_cv_header_string_h=yes
ac_cv_header_strings_h=yes
ac_cv_header_sys_stat_h=yes
ac_cv_header_sys_types_h=yes
ac_cv_header_unistd_h=yes
ac_cv_lib_form_new_form=yes
ac_cv_lib_menu_new_menu=yes
ac_cv_lib_ncurses_newwin=yes
ac_cv_lib_vc_vc_new=yes
ac_cv_objext=o
ac_cv_path_EGREP='/bin/grep -E'
ac_cv_path_GREP=/bin/grep
ac_cv_path_install='/usr/bin/install -c'
ac_cv_prog_AWK=gawk
ac_cv_prog_CPP='gcc -E'
ac_cv_prog_ac_ct_CC=gcc
ac_cv_prog_cc_c89=
ac_cv_prog_cc_g=yes
ac_cv_prog_make_make_set=yes
ac_cv_type_signal=void
am_cv_CC_dependencies_compiler_type=gcc3

## ----------------- ##
## Output variables. ##
## ----------------- ##

ACLOCAL='${SHELL} /home/melkori/__devel/__main/rolo-011/missing --run aclocal-1.7'
AMDEPBACKSLASH='\'
AMDEP_FALSE='#'
AMDEP_TRUE=''
AMTAR='${SHELL} /home/melkori/__devel/__main/rolo-011/missing --run tar'
AUTOCONF='${SHELL} /home/melkori/__devel/__main/rolo-011/missing --run autoconf'
AUTOHEADER='${SHELL} /home/melkori/__devel/__main/rolo-011/missing --run autoheader'
AUTOMAKE='${SHELL} /home/melkori/__devel/__main/rolo-011/missing --run automake-1.7'
AWK='gawk'
CC='gcc'
CCDEPMODE='depmode=gcc3'
CFLAGS='-g -O2'
CPP='gcc -E'
CPPFLAGS=''
CYGPATH_W='echo'
DEFS='-DHAVE_CONFIG_H'
DEPDIR='.deps'
ECHO_C=''
ECHO_N='-n'
ECHO_T=''
EGREP='/bin/grep -E'
EXEEXT=''
GREP='/bin/grep'
INSTALL_DATA='${INSTALL} -m 644'
INSTALL_PROGRAM='${INSTALL}'
INSTALL_SCRIPT='${INSTALL}'
INSTALL_STRIP_PROGRAM='${SHELL} $(install_sh) -c -s'
LDFLAGS=''
LIBOBJS=''
LIBS='-lform -lmenu -lncurses -lvc '
LTLIBOBJS=''
MAKEINFO='${SHELL} /home/melkori/__devel/__main/rolo-011/missing --run makeinfo'
OBJEXT='o'
PACKAGE='rolo'
PACKAGE_BUGREPORT='ahsu@users.sf.net'
PACKAGE_NAME='rolo'
PACKAGE_STRING='rolo 011'
PACKAGE_TARNAME='rolo'
PACKAGE_URL=''
PACKAGE_VERSION='011'
PATH_SEPARATOR=':'
SET_MAKE=''
SHELL='/bin/bash'
STRIP=''
VERSION='011'
ac_ct_CC='gcc'
am__fastdepCC_FALSE='#'
am__fastdepCC_TRUE=''
am__include='include'
am__leading_dot='.'
am__quote=''
bindir='${exec_prefix}/bin'
build_alias=''
datadir='${datarootdir}'
datarootdir='${prefix}/share'
docdir='${datarootdir}/doc/${PACKAGE_TARNAME}'
dvidir='${docdir}'
exec_prefix='${prefix}'
host_alias=''
htmldir='${docdir}'
includedir='${prefix}/include'
infodir='${datarootdir}/info'
install_sh='/home/melkori/__devel/__main/rolo-011/install-sh'
libdir='${exec_prefix}/lib'
libexecdir='${exec_prefix}/libexec'
localedir='${datarootdir}/locale'
localstatedir='${prefix}/var'
mandir='${datarootdir}/man'
oldincludedir='/usr/include'
pdfdir='${docdir}'
prefix='/usr/local'
program_transform_name='s,x,x,'
psdir='${docdir}'
sbindir='${exec_prefix}/sbin'
sharedstatedir='${prefix}/com'
sysconfdir='${prefix}/etc'
target_alias=''

## ----------- ##
## confdefs.h. ##
## ----------- ##

/* confdefs.h */
#define PACKAGE_NAME "rolo"
#define PACKAGE_TARNAME "rolo"
#define PACKAGE_VERSION "011"
#define PACKAGE_STRING "rolo 011"
#define PACKAGE_BUGREPORT "ahsu@users.sf.net"
#define PACKAGE_URL ""
#define PACKAGE "rolo"
#define VERSION "011"
#define HAVE_LIBVC 1
#define HAVE_LIBNCURSES 1
#define HAVE_LIBMENU 1
#define HAVE_LIBFORM 1
#define STDC_HEADERS 1
#define HAVE_SYS_TYPES_H 1
#define HAVE_SYS_STAT_H 1
#define HAVE_STDLIB_H 1
#define HAVE_STRING_H 1
#define HAVE_MEMORY_H 1
#define HAVE_STRINGS_H 1
#define HAVE_INTTYPES_H 1
#define HAVE_STDINT_H 1
#define HAVE_UNISTD_H 1
#define HAVE_STDLIB_H 1
#define HAVE_MALLOC 1
#define RETSIGTYPE void
#define HAVE_STRDUP 1
#define HAVE_STRSTR 1

configure: exit 0
